-------------------------------------------------------------------------------
Test set: com.app.service.test.ServicesTest
-------------------------------------------------------------------------------
Tests run: 1, Failures: 1, Errors: 0, Skipped: 0, Time elapsed: 0.038 s <<< FAILURE! - in com.app.service.test.ServicesTest
testDeposit  Time elapsed: 0.038 s  <<< FAILURE!
org.opentest4j.AssertionFailedError: expected: java.lang.String@1d548a08<CustomerAccount [accountNumber=0, customerId=1, accountBalance=0, amount=100, date=null]> but was: com.app.model.CustomerAccount@16aa0a0a<CustomerAccount [accountNumber=0, customerId=1, accountBalance=0, amount=100, date=null]>
	at com.app.service.test.ServicesTest.testDeposit(ServicesTest.java:43)

