-------------------------------------------------------------------------------
Test set: com.app.main.bankingMainTest
-------------------------------------------------------------------------------
Tests run: 1, Failures: 1, Errors: 0, Skipped: 0, Time elapsed: 0.002 s <<< FAILURE! - in com.app.main.bankingMainTest
test  Time elapsed: 0.001 s  <<< FAILURE!
org.opentest4j.AssertionFailedError: Not yet implemented
	at com.app.main.bankingMainTest.test(bankingMainTest.java:16)

