-------------------------------------------------------------------------------
Test set: com.app.service.test.MainTest
-------------------------------------------------------------------------------
Tests run: 1, Failures: 1, Errors: 0, Skipped: 0, Time elapsed: 0 s <<< FAILURE! - in com.app.service.test.MainTest
testMain  Time elapsed: 0 s  <<< FAILURE!
org.opentest4j.AssertionFailedError: Not yet implemented
	at com.app.service.test.MainTest.testMain(MainTest.java:11)

